c:\users\zzzeh\source\repos\learnopengl\learnopengl\learnopengl\x64\debug\vc142.pdb
c:\users\zzzeh\source\repos\learnopengl\learnopengl\learnopengl\x64\debug\vc142.idb
c:\users\zzzeh\source\repos\learnopengl\learnopengl\learnopengl\x64\debug\hellotriangleexercise.obj
c:\users\zzzeh\source\repos\learnopengl\learnopengl\learnopengl\x64\debug\learnlight.obj
c:\users\zzzeh\source\repos\learnopengl\learnopengl\learnopengl\x64\debug\basiclightingexercise.obj
c:\users\zzzeh\source\repos\learnopengl\learnopengl\learnopengl\x64\debug\glad.obj
c:\users\zzzeh\source\repos\learnopengl\learnopengl\learnopengl\x64\debug\stb_image.obj
c:\users\zzzeh\source\repos\learnopengl\learnopengl\x64\debug\learnopengl.exe
c:\users\zzzeh\source\repos\learnopengl\learnopengl\learnopengl\x64\debug\learnopengl.ilk
c:\users\zzzeh\source\repos\learnopengl\learnopengl\x64\debug\learnopengl.pdb
c:\users\zzzeh\source\repos\learnopengl\learnopengl\learnopengl\x64\debug\createwindow.obj
c:\users\zzzeh\source\repos\learnopengl\learnopengl\learnopengl\x64\debug\fpscamera.obj
c:\users\zzzeh\source\repos\learnopengl\learnopengl\learnopengl\x64\debug\learnopengl.obj
c:\users\zzzeh\source\repos\learnopengl\learnopengl\learnopengl\x64\debug\shaderexercise.obj
c:\users\zzzeh\source\repos\learnopengl\learnopengl\learnopengl\x64\debug\stbi_impl.obj
c:\users\zzzeh\source\repos\learnopengl\learnopengl\learnopengl\x64\debug\textureexercise.obj
c:\users\zzzeh\source\repos\learnopengl\learnopengl\learnopengl\x64\debug\translationexercise.obj
c:\users\zzzeh\source\repos\learnopengl\learnopengl\learnopengl\x64\debug\learnopengl.tlog\cl.command.1.tlog
c:\users\zzzeh\source\repos\learnopengl\learnopengl\learnopengl\x64\debug\learnopengl.tlog\cl.read.1.tlog
c:\users\zzzeh\source\repos\learnopengl\learnopengl\learnopengl\x64\debug\learnopengl.tlog\cl.write.1.tlog
c:\users\zzzeh\source\repos\learnopengl\learnopengl\learnopengl\x64\debug\learnopengl.tlog\link.command.1.tlog
c:\users\zzzeh\source\repos\learnopengl\learnopengl\learnopengl\x64\debug\learnopengl.tlog\link.read.1.tlog
c:\users\zzzeh\source\repos\learnopengl\learnopengl\learnopengl\x64\debug\learnopengl.tlog\link.write.1.tlog
